<?xml version="1.0" encoding="UTF-8" ?>
<testsuite tests="8" failures="0" name="RobertServiceTest" time="0.011" errors="0" skipped="0">
  <properties>
[...]
</properties>
  <testcase classname="RobertServiceTest" name="testRobotWalkAndCarryNegativeTest" time="0.009"/>
  <testcase classname="RobertServiceTest" name="testRobotCarryWeightIsNotMoreThan10" time="0"/>
  <testcase classname="RobertServiceTest" name="testRobotWalkAndCarryButChargeisLessThan15Perc" time="0"/>
  <testcase classname="RobertServiceTest" name="testRobotWalkWhenNoEnoughMemory" time="0.001"/>
  <testcase classname="RobertServiceTest" name="testRobotCarryWeightIsMoreThan10" time="0"/>
  <testcase classname="RobertServiceTest" name="testRobotWalk" time="0"/>
  <testcase classname="RobertServiceTest" name="testRobotWalkWhen15PercMemoryLeft" time="0.001"/>
  <testcase classname="RobertServiceTest" name="testRobotWalkAndCarryPositiveTest" time="0"/>
</testsuite>